C:\temp\Testing_autoefooball\images\4K\pantalla_bienvenida_20250412_204658.png
C:\temp\Testing_autoefooball\images\4K\pantalla_bienvenida_20250413_170452.png
C:\temp\Testing_autoefooball\images\4K\menu_home_sel_20250412_205129.png
C:\temp\Testing_autoefooball\images\4K\menu_home_sel_20250413_172234.png
C:\temp\Testing_autoefooball\images\4K\menu_misiones_sel_20250412_205404.png
C:\temp\Testing_autoefooball\images\4K\menu_tienda_sel_20250412_205624.png
C:\temp\Testing_autoefooball\images\4K\menu_extras_sel_20250412_205734.png
C:\temp\Testing_autoefooball\images\4K\bonus_inicio_sesion_20250413_102606.png
C:\temp\Testing_autoefooball\images\4K\menu_home_partido_sel_20250413_102753.png
C:\temp\Testing_autoefooball\images\4K\menu_home_estrategia_sel_20250413_102846.png
C:\temp\Testing_autoefooball\images\4K\menu_home__miequipo_sel_20250413_102933.png
C:\temp\Testing_autoefooball\images\4K\menu_home_contrato_sel_20250413_103017.png
C:\temp\Testing_autoefooball\images\4K\menu_home_premijuego_sel_20250413_103053.png
C:\temp\Testing_autoefooball\images\4K\menu_home_salir_20250413_103135.png
C:\temp\Testing_autoefooball\images\4K\menu_contrato_jugadores_especiales_sel_20250413_103551.png
C:\temp\Testing_autoefooball\images\4K\menu_contrato_packs_sel_20250413_103738.png
C:\temp\Testing_autoefooball\images\4K\menu_contrato_boletos_sel_20250413_103852.png
C:\temp\Testing_autoefooball\images\4K\menu_contrato_jugadores_normales_sel_20250413_104011.png
C:\temp\Testing_autoefooball\images\4K\menu_contrato_directores_20250413_104103.png
C:\temp\Testing_autoefooball\images\4K\menu_contrato_jugadoresNormales_lista_20250413_104826.png
C:\temp\Testing_autoefooball\images\4K\menu_contrato_jugadoresNormales_lista_raquel_sel_20250413_105000.png
C:\temp\Testing_autoefooball\images\4K\menu_contrato_raquel_fichar_20250413_111822.png
C:\temp\Testing_autoefooball\images\4K\menu_contrato_raquel_confirmar_fichar_cancelar_sel_20250413_111952.png
C:\temp\Testing_autoefooball\images\4K\menu_contrato_raquel_confirmar_fichar_GP_sel_20250413_112037.png
C:\temp\Testing_autoefooball\images\4K\menu_contrato_raquel_comprado_20250413_112145.png
C:\temp\Testing_autoefooball\images\4K\menu_contrato_raquel_confirmar_fichado_20250413_112227.png
C:\temp\Testing_autoefooball\images\4K\submenu_contrato_jugadores_normales_ordenar_20250413_112407.png
C:\temp\Testing_autoefooball\images\4K\submenu_contrato_ordenar_precio_sel_20250413_112505.png
C:\temp\Testing_autoefooball\images\4K\submenu_contrato_jugadores_valor_sel_20250413_112630.png
C:\temp\Testing_autoefooball\images\4K\submenu_contrato_jugadores_valoracion_sel_20250413_112722.png
C:\temp\Testing_autoefooball\images\4K\submenu_contrato_jugadores_posicion_sel_20250413_112809.png
C:\temp\Testing_autoefooball\images\4K\menu_miequipo_jugadores_sel_20250413_113009.png
C:\temp\Testing_autoefooball\images\4K\menu_miequipo_jugadores_lista_pos1_sel_20250413_113223.png
C:\temp\Testing_autoefooball\images\4K\menu_miequipo_jugadores_pos2_sel_20250413_113338.png
C:\temp\Testing_autoefooball\images\4K\menu_miequipo_jugadores_lista_20250413_113432.png
C:\temp\Testing_autoefooball\images\4K\menu_miequipo_jugadores_raquel_sel_20250413_113704.png
C:\temp\Testing_autoefooball\images\4K\menu_jugador_acciones_entrenamiento_sel_20250413_113854.png
C:\temp\Testing_autoefooball\images\4K\menu_jugador_acciones_progresion_sel_20250413_113946.png
C:\temp\Testing_autoefooball\images\4K\menu_jugador_acciones_habilidad_sel_20250413_114051.png
C:\temp\Testing_autoefooball\images\4K\menu_jugador_acciones_posicion_sel_20250413_114142.png
C:\temp\Testing_autoefooball\images\4K\menu_jugador_acciones_transferencia_sel_20250413_114227.png
C:\temp\Testing_autoefooball\images\4K\menu_jugador_acciones_bloquear_20250413_114344.png
C:\temp\Testing_autoefooball\images\4K\menu_jugador_acciones_despedir_20250413_114412.png
C:\temp\Testing_autoefooball\images\4K\menu_jugador_accione_habilidad_vacia_20250413_114515.png
C:\temp\Testing_autoefooball\images\4K\menu_jugador_acciones_habilidad_menuentrenar_cancelar_sel_20250413_114727.png
C:\temp\Testing_autoefooball\images\4K\menu_jugador_acciones_submenu_entrenar_x1_sel_20250413_114857.png
C:\temp\Testing_autoefooball\images\4K\menu_jugador_acciones_habilidad_entrenada_20250413_115020.png
C:\temp\Testing_autoefooball\images\4K\menu_jugador_acciones_habilidad_existe_20250413_115118.png
C:\temp\Testing_autoefooball\images\4K\menu_partido_torneo_sel_20250413_115330.png
C:\temp\Testing_autoefooball\images\4K\menu_partido_eventos_sel_20250413_115422.png
C:\temp\Testing_autoefooball\images\4K\menu_partido_eventos_JcJ_sel_20250413_115516.png
C:\temp\Testing_autoefooball\images\4K\menu_partido_eventos_IA_sel_20250413_115603.png
C:\temp\Testing_autoefooball\images\4K\menu_partido_eventos_ia_partido1_sel_20250413_115703.png
C:\temp\Testing_autoefooball\images\4K\menu_partido_eventos_ia_partido2_sel_20250413_115804.png
C:\temp\Testing_autoefooball\images\4K\menu_partido_eventos_ia_partido_20250413_120019.png
C:\temp\Testing_autoefooball\images\4K\menu_partido_submenu_estrategia_pre_partido_20250413_120432.png
C:\temp\Testing_autoefooball\images\4K\partido_on_estadio_sel_20250413_120648.png
C:\temp\Testing_autoefooball\images\4K\partido_on_uniforme_sel_20250413_120745.png
C:\temp\Testing_autoefooball\images\4K\partido_on_estrategia_sel_20250413_120846.png
C:\temp\Testing_autoefooball\images\4K\partido_on_descanso_20250413_121818.png
C:\temp\Testing_autoefooball\images\4K\partido_on_final_20250413_122605.png
C:\temp\Testing_autoefooball\images\4K\fpartido_on_final_siguiente_20250413_122701.png
C:\temp\Testing_autoefooball\images\4K\partido_on_final_recompensa1_20250413_122739.png
C:\temp\Testing_autoefooball\images\4K\partido_on_final_pase_20250413_122843.png
C:\temp\Testing_autoefooball\images\4K\partido_off_puntos_ganados_20250413_122931.png
C:\temp\Testing_autoefooball\images\4K\partido_off_recompensa2_20250413_123118.png
C:\temp\Testing_autoefooball\images\4K\partido_off_recompensa3_20250413_123237.png
